mode: set
country-api/internal/api/handler.go:17.66,21.2 1 1
country-api/internal/api/handler.go:24.80,26.16 2 1
country-api/internal/api/handler.go:26.16,29.3 2 1
country-api/internal/api/handler.go:31.2,32.16 2 1
country-api/internal/api/handler.go:32.16,34.49 2 1
country-api/internal/api/handler.go:34.49,36.4 1 1
country-api/internal/api/handler.go:36.9,38.4 1 1
country-api/internal/api/handler.go:39.3,39.9 1 1
country-api/internal/api/handler.go:42.2,44.59 3 1
country-api/internal/api/handler.go:44.59,46.3 1 1
country-api/internal/api/router.go:6.50,10.2 3 0
country-api/internal/cache/cache.go:18.40,22.2 1 1
country-api/internal/cache/cache.go:25.61,30.2 4 1
country-api/internal/cache/cache.go:33.60,37.2 3 1
country-api/internal/service/service.go:28.80,33.2 1 1
country-api/internal/service/service.go:37.92,42.55 2 1
country-api/internal/service/service.go:42.55,44.54 2 1
country-api/internal/service/service.go:44.54,46.4 1 1
country-api/internal/service/service.go:50.2,52.16 3 1
country-api/internal/service/service.go:52.16,54.3 1 1
country-api/internal/service/service.go:57.2,60.21 3 1
country-api/cmd/server/main.go:19.13,21.50 1 0
country-api/cmd/server/main.go:21.50,24.3 2 0
country-api/cmd/server/main.go:28.37,51.12 10 1
country-api/cmd/server/main.go:51.12,55.76 2 1
country-api/cmd/server/main.go:55.76,57.4 1 0
country-api/cmd/server/main.go:61.2,61.9 1 1
country-api/cmd/server/main.go:62.29,63.54 1 0
country-api/cmd/server/main.go:64.20,65.42 1 1
country-api/cmd/server/main.go:69.2,72.53 3 1
country-api/cmd/server/main.go:72.53,74.3 1 0
country-api/cmd/server/main.go:76.2,77.12 2 1
country-api/internal/client/restcountries.go:24.52,31.2 1 1
country-api/internal/client/restcountries.go:34.107,37.16 3 1
country-api/internal/client/restcountries.go:37.16,39.3 1 0
country-api/internal/client/restcountries.go:41.2,42.16 2 1
country-api/internal/client/restcountries.go:42.16,44.3 1 1
country-api/internal/client/restcountries.go:45.2,47.44 2 1
country-api/internal/client/restcountries.go:47.44,49.3 1 1
country-api/internal/client/restcountries.go:51.2,51.38 1 1
country-api/internal/client/restcountries.go:51.38,53.3 1 1
country-api/internal/client/restcountries.go:55.2,56.72 2 1
country-api/internal/client/restcountries.go:56.72,58.3 1 1
country-api/internal/client/restcountries.go:60.2,60.27 1 1
country-api/internal/client/restcountries.go:60.27,62.3 1 0
country-api/internal/client/restcountries.go:64.2,64.36 1 1
country-api/internal/client/restcountries.go:69.72,72.9 2 1
country-api/internal/client/restcountries.go:72.9,74.3 1 1
country-api/internal/client/restcountries.go:75.2,76.9 2 1
country-api/internal/client/restcountries.go:76.9,78.3 1 1
country-api/internal/client/restcountries.go:81.2,83.33 3 1
country-api/internal/client/restcountries.go:83.33,85.3 1 1
country-api/internal/client/restcountries.go:88.2,90.34 3 1
country-api/internal/client/restcountries.go:90.34,91.46 1 1
country-api/internal/client/restcountries.go:91.46,93.10 2 1
country-api/internal/client/restcountries.go:93.10,95.10 2 1
country-api/internal/client/restcountries.go:101.2,102.9 2 1
country-api/internal/client/restcountries.go:102.9,104.3 1 1
country-api/internal/client/restcountries.go:106.2,111.8 1 1
