mode: set
distributed-counter/internal/transport/http.go:17.78,25.2 3 1
distributed-counter/internal/transport/http.go:27.68,29.2 1 1
distributed-counter/internal/transport/http.go:31.37,42.2 5 1
distributed-counter/internal/transport/http.go:46.74,49.2 2 1
distributed-counter/internal/transport/http.go:51.73,55.2 3 1
distributed-counter/internal/transport/http.go:59.76,61.62 2 1
distributed-counter/internal/transport/http.go:61.62,64.3 2 1
distributed-counter/internal/transport/http.go:65.2,66.18 2 1
distributed-counter/internal/transport/http.go:66.18,69.3 2 0
distributed-counter/internal/transport/http.go:70.2,71.43 2 1
distributed-counter/internal/transport/http.go:74.81,76.62 2 1
distributed-counter/internal/transport/http.go:76.62,79.3 2 1
distributed-counter/internal/transport/http.go:80.2,81.18 2 0
distributed-counter/internal/transport/http.go:81.18,84.3 2 0
distributed-counter/internal/transport/http.go:85.2,86.30 2 0
distributed-counter/internal/transport/http.go:89.81,91.61 2 1
distributed-counter/internal/transport/http.go:91.61,94.3 2 1
distributed-counter/internal/transport/http.go:95.2,96.30 2 1
distributed-counter/internal/transport/http.go:99.86,101.16 2 1
distributed-counter/internal/transport/http.go:101.16,104.3 2 0
distributed-counter/internal/transport/http.go:105.2,107.19 3 1
distributed-counter/internal/httpclient/client.go:17.20,21.2 1 1
distributed-counter/internal/httpclient/client.go:24.106,27.17 3 1
distributed-counter/internal/httpclient/client.go:27.17,29.17 2 1
distributed-counter/internal/httpclient/client.go:29.17,31.4 1 0
distributed-counter/internal/httpclient/client.go:34.2,35.16 2 1
distributed-counter/internal/httpclient/client.go:35.16,37.3 1 0
distributed-counter/internal/httpclient/client.go:38.2,41.16 3 1
distributed-counter/internal/httpclient/client.go:41.16,43.3 1 0
distributed-counter/internal/httpclient/client.go:44.2,46.38 2 1
distributed-counter/internal/httpclient/client.go:46.38,48.3 1 1
distributed-counter/internal/httpclient/client.go:50.2,50.25 1 1
distributed-counter/internal/httpclient/client.go:50.25,51.73 1 1
distributed-counter/internal/httpclient/client.go:51.73,53.4 1 0
distributed-counter/internal/httpclient/client.go:56.2,56.12 1 1
distributed-counter/internal/counter/counter.go:42.83,50.2 1 1
distributed-counter/internal/counter/counter.go:53.43,64.33 4 1
distributed-counter/internal/counter/counter.go:64.33,66.3 1 1
distributed-counter/internal/counter/counter.go:70.54,74.47 3 1
distributed-counter/internal/counter/counter.go:74.47,76.3 1 1
distributed-counter/internal/counter/counter.go:78.2,81.13 4 1
distributed-counter/internal/counter/counter.go:85.33,89.2 3 1
distributed-counter/internal/counter/counter.go:91.61,94.21 2 1
distributed-counter/internal/counter/counter.go:94.21,96.17 2 1
distributed-counter/internal/counter/counter.go:96.17,98.4 1 0
distributed-counter/internal/counter/counter.go:99.3,99.13 1 1
distributed-counter/internal/counter/counter.go:103.2,107.16 4 1
distributed-counter/internal/counter/counter.go:107.16,109.3 1 0
distributed-counter/cmd/server/main.go:21.13,27.46 3 0
distributed-counter/cmd/server/main.go:27.46,30.3 2 0
distributed-counter/cmd/server/main.go:34.52,41.39 4 1
distributed-counter/cmd/server/main.go:41.39,43.3 1 0
distributed-counter/cmd/server/main.go:45.2,65.12 10 1
distributed-counter/cmd/server/main.go:65.12,67.76 2 1
distributed-counter/cmd/server/main.go:67.76,69.4 1 1
distributed-counter/cmd/server/main.go:73.2,73.9 1 1
distributed-counter/cmd/server/main.go:74.29,75.45 1 1
distributed-counter/cmd/server/main.go:76.20,77.42 1 1
distributed-counter/cmd/server/main.go:81.2,84.53 3 1
distributed-counter/cmd/server/main.go:84.53,86.3 1 0
distributed-counter/cmd/server/main.go:88.2,89.12 2 1
distributed-counter/cmd/server/main.go:92.45,93.22 1 1
distributed-counter/cmd/server/main.go:93.22,95.3 1 1
distributed-counter/cmd/server/main.go:96.2,96.39 1 0
distributed-counter/internal/cluster/registry.go:36.62,42.2 1 1
distributed-counter/internal/cluster/registry.go:45.49,54.2 3 1
distributed-counter/internal/cluster/registry.go:57.44,61.32 4 0
distributed-counter/internal/cluster/registry.go:61.32,62.21 1 0
distributed-counter/internal/cluster/registry.go:62.21,64.4 1 0
distributed-counter/internal/cluster/registry.go:66.2,66.14 1 0
distributed-counter/internal/cluster/registry.go:70.60,78.28 6 1
distributed-counter/internal/cluster/registry.go:78.28,80.3 1 1
distributed-counter/internal/cluster/registry.go:81.2,81.17 1 1
distributed-counter/internal/cluster/registry.go:85.51,88.45 3 1
distributed-counter/internal/cluster/registry.go:88.45,91.3 2 1
distributed-counter/internal/cluster/registry.go:91.8,95.3 2 1
distributed-counter/internal/cluster/registry.go:98.52,99.40 1 1
distributed-counter/internal/cluster/registry.go:99.40,100.27 1 1
distributed-counter/internal/cluster/registry.go:100.27,101.12 1 0
distributed-counter/internal/cluster/registry.go:103.3,109.17 6 1
distributed-counter/internal/cluster/registry.go:109.17,111.12 2 0
distributed-counter/internal/cluster/registry.go:113.3,114.29 2 1
distributed-counter/internal/cluster/registry.go:118.42,122.21 3 1
distributed-counter/internal/cluster/registry.go:122.21,125.3 2 0
distributed-counter/internal/cluster/registry.go:128.37,129.44 1 0
distributed-counter/internal/cluster/registry.go:129.44,130.24 1 0
distributed-counter/internal/cluster/registry.go:130.24,134.18 4 0
distributed-counter/internal/cluster/registry.go:134.18,136.5 1 0
distributed-counter/internal/cluster/registry.go:137.4,137.44 1 0
distributed-counter/internal/cluster/registry.go:142.41,145.32 3 1
distributed-counter/internal/cluster/registry.go:145.32,146.21 1 1
distributed-counter/internal/cluster/registry.go:146.21,147.12 1 1
distributed-counter/internal/cluster/registry.go:149.3,149.52 1 1
distributed-counter/internal/cluster/registry.go:149.52,152.4 2 1
distributed-counter/internal/cluster/registry.go:156.36,160.2 3 1
distributed-counter/internal/cluster/registry.go:162.47,165.32 3 1
distributed-counter/internal/cluster/registry.go:165.32,166.45 1 0
distributed-counter/internal/cluster/registry.go:166.45,169.4 2 0
